This file contains any messages produced by compilers while
running configure, to aid debugging if configure makes a mistake.

It was created by libgloss configure LIBGLOSS_VERSION, which was
generated by GNU Autoconf 2.59.  Invocation command line was

  $ /usr/src/xen-3.3/stubdom/newlib-1.16.0/libgloss/configure --cache-file=./config.cache --with-newlib --with-cross-host=i686-pc-linux-gnu --prefix=/usr/src/xen-3.3/stubdom/cross-root-i686 --verbose --target=i686-xen-elf --enable-newlib-io-long-long --disable-multilib --program-transform-name=s,^,i686-xen-elf-, --with-target-subdir=i686-xen-elf --build=i686-pc-linux-gnu --host=i686-xen-elf --target=i686-xen-elf --srcdir=../../../newlib-1.16.0/libgloss

## --------- ##
## Platform. ##
## --------- ##

hostname = cnlsecure-tcg
uname -m = i686
uname -r = 2.6.32-28-generic
uname -s = Linux
uname -v = #55-Ubuntu SMP Mon Jan 10 21:21:01 UTC 2011

/usr/bin/uname -p = unknown
/bin/uname -X     = unknown

/bin/arch              = unknown
/usr/bin/arch -k       = unknown
/usr/convex/getsysinfo = unknown
hostinfo               = unknown
/bin/machine           = unknown
/usr/bin/oslevel       = unknown
/bin/universe          = unknown

PATH: /usr/local/sbin
PATH: /usr/local/bin
PATH: /usr/sbin
PATH: /usr/bin
PATH: /sbin
PATH: /bin


## ----------- ##
## Core tests. ##
## ----------- ##

configure:1201: creating cache ./config.cache
configure:1343: checking for a BSD-compatible install
configure:1398: result: /usr/bin/install -c
configure:1416: checking build system type
configure:1434: result: i686-pc-linux-gnu
configure:1442: checking host system type
configure:1456: result: i686-xen-elf
configure:1464: checking target system type
configure:1478: result: i686-xen-elf
configure:1493: checking whether build environment is sane
configure:1536: result: yes
configure:1601: checking for gawk
configure:1617: found /usr/bin/gawk
configure:1627: result: gawk
configure:1637: checking whether make sets $(MAKE)
configure:1657: result: yes
configure:1724: checking for i686-xen-elf-strip
configure:1750: result: i686-xen-elf-strip
configure:2029: checking for style of include used by make
configure:2057: result: GNU
configure:2084: checking for gcc
configure:2110: result: gcc -isystem /usr/src/xen-3.3/stubdom/../extras/mini-os/include -D__MINIOS__ -DHAVE_LIBC -isystem /usr/src/xen-3.3/stubdom/../extras/mini-os/include/posix -isystem /usr/src/xen-3.3/stubdom/../tools/xenstore  -isystem /usr/src/xen-3.3/stubdom/../extras/mini-os/include/x86 -isystem /usr/src/xen-3.3/stubdom/../extras/mini-os/include/x86/x86_32 -U __linux__ -U __FreeBSD__ -U __sun__ -nostdinc -isystem /usr/src/xen-3.3/stubdom/../extras/mini-os/include/posix -isystem /usr/src/xen-3.3/stubdom/cross-root-i686/i686-xen-elf/include -isystem /usr/lib/gcc/i486-linux-gnu/4.4.3/include -isystem /usr/src/xen-3.3/stubdom/lwip/src/include -isystem /usr/src/xen-3.3/stubdom/lwip/src/include/ipv4 -I/usr/src/xen-3.3/stubdom/include  -O1 -fno-omit-frame-pointer -fno-optimize-sibling-calls  -m32 -march=i686 -m32 -march=i686 -g -fno-strict-aliasing -std=gnu99 -Wall -Wstrict-prototypes -Wno-unused-value -Wdeclaration-after-statement   -fno-stack-protector  -D_I386MACH_ALLOW_HW_INTERRUPTS -B/usr/src/xen-3.3/stubdom/newlib-x86_32/i686-xen-elf/newlib/ -isystem /usr/src/xen-3.3/stubdom/newlib-x86_32/i686-xen-elf/newlib/targ-include -isystem /usr/src/xen-3.3/stubdom/newlib-1.16.0/newlib/libc/include -B/usr/src/xen-3.3/stubdom/newlib-x86_32/i686-xen-elf/libgloss/i386 -L/usr/src/xen-3.3/stubdom/newlib-x86_32/i686-xen-elf/libgloss/libnosys -L/usr/src/xen-3.3/stubdom/newlib-1.16.0/libgloss/i386
configure:2120: checking dependency style of gcc -isystem /usr/src/xen-3.3/stubdom/../extras/mini-os/include -D__MINIOS__ -DHAVE_LIBC -isystem /usr/src/xen-3.3/stubdom/../extras/mini-os/include/posix -isystem /usr/src/xen-3.3/stubdom/../tools/xenstore  -isystem /usr/src/xen-3.3/stubdom/../extras/mini-os/include/x86 -isystem /usr/src/xen-3.3/stubdom/../extras/mini-os/include/x86/x86_32 -U __linux__ -U __FreeBSD__ -U __sun__ -nostdinc -isystem /usr/src/xen-3.3/stubdom/../extras/mini-os/include/posix -isystem /usr/src/xen-3.3/stubdom/cross-root-i686/i686-xen-elf/include -isystem /usr/lib/gcc/i486-linux-gnu/4.4.3/include -isystem /usr/src/xen-3.3/stubdom/lwip/src/include -isystem /usr/src/xen-3.3/stubdom/lwip/src/include/ipv4 -I/usr/src/xen-3.3/stubdom/include  -O1 -fno-omit-frame-pointer -fno-optimize-sibling-calls  -m32 -march=i686 -m32 -march=i686 -g -fno-strict-aliasing -std=gnu99 -Wall -Wstrict-prototypes -Wno-unused-value -Wdeclaration-after-statement   -fno-stack-protector  -D_I386MACH_ALLOW_HW_INTERRUPTS -B/usr/src/xen-3.3/stubdom/newlib-x86_32/i686-xen-elf/newlib/ -isystem /usr/src/xen-3.3/stubdom/newlib-x86_32/i686-xen-elf/newlib/targ-include -isystem /usr/src/xen-3.3/stubdom/newlib-1.16.0/newlib/libc/include -B/usr/src/xen-3.3/stubdom/newlib-x86_32/i686-xen-elf/libgloss/i386 -L/usr/src/xen-3.3/stubdom/newlib-x86_32/i686-xen-elf/libgloss/libnosys -L/usr/src/xen-3.3/stubdom/newlib-1.16.0/libgloss/i386
configure:2210: result: gcc3
configure:2285: checking whether we are using GNU C
configure:2296: gcc -isystem /usr/src/xen-3.3/stubdom/../extras/mini-os/include -D__MINIOS__ -DHAVE_LIBC -isystem /usr/src/xen-3.3/stubdom/../extras/mini-os/include/posix -isystem /usr/src/xen-3.3/stubdom/../tools/xenstore  -isystem /usr/src/xen-3.3/stubdom/../extras/mini-os/include/x86 -isystem /usr/src/xen-3.3/stubdom/../extras/mini-os/include/x86/x86_32 -U __linux__ -U __FreeBSD__ -U __sun__ -nostdinc -isystem /usr/src/xen-3.3/stubdom/../extras/mini-os/include/posix -isystem /usr/src/xen-3.3/stubdom/cross-root-i686/i686-xen-elf/include -isystem /usr/lib/gcc/i486-linux-gnu/4.4.3/include -isystem /usr/src/xen-3.3/stubdom/lwip/src/include -isystem /usr/src/xen-3.3/stubdom/lwip/src/include/ipv4 -I/usr/src/xen-3.3/stubdom/include  -O1 -fno-omit-frame-pointer -fno-optimize-sibling-calls  -m32 -march=i686 -m32 -march=i686 -g -fno-strict-aliasing -std=gnu99 -Wall -Wstrict-prototypes -Wno-unused-value -Wdeclaration-after-statement   -fno-stack-protector  -D_I386MACH_ALLOW_HW_INTERRUPTS -B/usr/src/xen-3.3/stubdom/newlib-x86_32/i686-xen-elf/newlib/ -isystem /usr/src/xen-3.3/stubdom/newlib-x86_32/i686-xen-elf/newlib/targ-include -isystem /usr/src/xen-3.3/stubdom/newlib-1.16.0/newlib/libc/include -B/usr/src/xen-3.3/stubdom/newlib-x86_32/i686-xen-elf/libgloss/i386 -L/usr/src/xen-3.3/stubdom/newlib-x86_32/i686-xen-elf/libgloss/libnosys -L/usr/src/xen-3.3/stubdom/newlib-1.16.0/libgloss/i386 -E conftest.c
configure:2299: $? = 0
configure:2306: result: yes
configure:2317: checking whether gcc -isystem /usr/src/xen-3.3/stubdom/../extras/mini-os/include -D__MINIOS__ -DHAVE_LIBC -isystem /usr/src/xen-3.3/stubdom/../extras/mini-os/include/posix -isystem /usr/src/xen-3.3/stubdom/../tools/xenstore  -isystem /usr/src/xen-3.3/stubdom/../extras/mini-os/include/x86 -isystem /usr/src/xen-3.3/stubdom/../extras/mini-os/include/x86/x86_32 -U __linux__ -U __FreeBSD__ -U __sun__ -nostdinc -isystem /usr/src/xen-3.3/stubdom/../extras/mini-os/include/posix -isystem /usr/src/xen-3.3/stubdom/cross-root-i686/i686-xen-elf/include -isystem /usr/lib/gcc/i486-linux-gnu/4.4.3/include -isystem /usr/src/xen-3.3/stubdom/lwip/src/include -isystem /usr/src/xen-3.3/stubdom/lwip/src/include/ipv4 -I/usr/src/xen-3.3/stubdom/include  -O1 -fno-omit-frame-pointer -fno-optimize-sibling-calls  -m32 -march=i686 -m32 -march=i686 -g -fno-strict-aliasing -std=gnu99 -Wall -Wstrict-prototypes -Wno-unused-value -Wdeclaration-after-statement   -fno-stack-protector  -D_I386MACH_ALLOW_HW_INTERRUPTS -B/usr/src/xen-3.3/stubdom/newlib-x86_32/i686-xen-elf/newlib/ -isystem /usr/src/xen-3.3/stubdom/newlib-x86_32/i686-xen-elf/newlib/targ-include -isystem /usr/src/xen-3.3/stubdom/newlib-1.16.0/newlib/libc/include -B/usr/src/xen-3.3/stubdom/newlib-x86_32/i686-xen-elf/libgloss/i386 -L/usr/src/xen-3.3/stubdom/newlib-x86_32/i686-xen-elf/libgloss/libnosys -L/usr/src/xen-3.3/stubdom/newlib-1.16.0/libgloss/i386 accepts -g
configure:2338: gcc -isystem /usr/src/xen-3.3/stubdom/../extras/mini-os/include -D__MINIOS__ -DHAVE_LIBC -isystem /usr/src/xen-3.3/stubdom/../extras/mini-os/include/posix -isystem /usr/src/xen-3.3/stubdom/../tools/xenstore  -isystem /usr/src/xen-3.3/stubdom/../extras/mini-os/include/x86 -isystem /usr/src/xen-3.3/stubdom/../extras/mini-os/include/x86/x86_32 -U __linux__ -U __FreeBSD__ -U __sun__ -nostdinc -isystem /usr/src/xen-3.3/stubdom/../extras/mini-os/include/posix -isystem /usr/src/xen-3.3/stubdom/cross-root-i686/i686-xen-elf/include -isystem /usr/lib/gcc/i486-linux-gnu/4.4.3/include -isystem /usr/src/xen-3.3/stubdom/lwip/src/include -isystem /usr/src/xen-3.3/stubdom/lwip/src/include/ipv4 -I/usr/src/xen-3.3/stubdom/include  -O1 -fno-omit-frame-pointer -fno-optimize-sibling-calls  -m32 -march=i686 -m32 -march=i686 -g -fno-strict-aliasing -std=gnu99 -Wall -Wstrict-prototypes -Wno-unused-value -Wdeclaration-after-statement   -fno-stack-protector  -D_I386MACH_ALLOW_HW_INTERRUPTS -B/usr/src/xen-3.3/stubdom/newlib-x86_32/i686-xen-elf/newlib/ -isystem /usr/src/xen-3.3/stubdom/newlib-x86_32/i686-xen-elf/newlib/targ-include -isystem /usr/src/xen-3.3/stubdom/newlib-1.16.0/newlib/libc/include -B/usr/src/xen-3.3/stubdom/newlib-x86_32/i686-xen-elf/libgloss/i386 -L/usr/src/xen-3.3/stubdom/newlib-x86_32/i686-xen-elf/libgloss/libnosys -L/usr/src/xen-3.3/stubdom/newlib-1.16.0/libgloss/i386 -c -g  conftest.c >&5
conftest.c:12: warning: function declaration isn't a prototype
configure:2344: $? = 0
configure:2348: test -z 
			 || test ! -s conftest.err
configure:2351: $? = 0
configure:2354: test -s conftest.
configure:2357: $? = 1
configure: failed program was:
| /* confdefs.h.  */
| 
| #define PACKAGE_NAME "libgloss"
| #define PACKAGE_TARNAME "libgloss"
| #define PACKAGE_VERSION "LIBGLOSS_VERSION"
| #define PACKAGE_STRING "libgloss LIBGLOSS_VERSION"
| #define PACKAGE_BUGREPORT ""
| /* end confdefs.h.  */
| 
| int
| main ()
| {
| 
|   ;
|   return 0;
| }
configure:2368: result: no
configure:2401: checking for ar
configure:2428: result: ar
configure:2442: checking for i686-xen-elf-ranlib
configure:2468: result: ranlib
configure:2682: creating ./config.status

## ---------------------- ##
## Running config.status. ##
## ---------------------- ##

This file was extended by libgloss config.status LIBGLOSS_VERSION, which was
generated by GNU Autoconf 2.59.  Invocation command line was

  CONFIG_FILES    = 
  CONFIG_HEADERS  = 
  CONFIG_LINKS    = 
  CONFIG_COMMANDS = 
  $ ./config.status 

on cnlsecure-tcg

config.status:705: creating Makefile
config.status:888: executing depfiles commands
configure:3792: configuring in doc
configure:3909: running /bin/bash '../../../../newlib-1.16.0/libgloss/doc/configure' --prefix=/usr/src/xen-3.3/stubdom/cross-root-i686  '--cache-file=./config.cache' '--with-newlib' '--with-cross-host=i686-pc-linux-gnu' '--prefix=/usr/src/xen-3.3/stubdom/cross-root-i686' '--verbose' '--target=i686-xen-elf' '--enable-newlib-io-long-long' '--disable-multilib' '--program-transform-name=s,^,i686-xen-elf-,' '--with-target-subdir=i686-xen-elf' '--build=i686-pc-linux-gnu' '--host=i686-xen-elf' '--target=i686-xen-elf' '--srcdir=../../../newlib-1.16.0/libgloss' 'build_alias=i686-pc-linux-gnu' 'host_alias=i686-xen-elf' 'target_alias=i686-xen-elf' --cache-file=.././config.cache --srcdir=../../../../newlib-1.16.0/libgloss/doc
configure:3792: configuring in libnosys
configure:3909: running /bin/bash '../../../../newlib-1.16.0/libgloss/libnosys/configure' --prefix=/usr/src/xen-3.3/stubdom/cross-root-i686  '--cache-file=./config.cache' '--with-newlib' '--with-cross-host=i686-pc-linux-gnu' '--prefix=/usr/src/xen-3.3/stubdom/cross-root-i686' '--verbose' '--target=i686-xen-elf' '--enable-newlib-io-long-long' '--disable-multilib' '--program-transform-name=s,^,i686-xen-elf-,' '--with-target-subdir=i686-xen-elf' '--build=i686-pc-linux-gnu' '--host=i686-xen-elf' '--target=i686-xen-elf' '--srcdir=../../../newlib-1.16.0/libgloss' 'build_alias=i686-pc-linux-gnu' 'host_alias=i686-xen-elf' 'target_alias=i686-xen-elf' --cache-file=.././config.cache --srcdir=../../../../newlib-1.16.0/libgloss/libnosys
configure:3792: configuring in i386
configure:3909: running /bin/bash '../../../../newlib-1.16.0/libgloss/i386/configure' --prefix=/usr/src/xen-3.3/stubdom/cross-root-i686  '--cache-file=./config.cache' '--with-newlib' '--with-cross-host=i686-pc-linux-gnu' '--prefix=/usr/src/xen-3.3/stubdom/cross-root-i686' '--verbose' '--target=i686-xen-elf' '--enable-newlib-io-long-long' '--disable-multilib' '--program-transform-name=s,^,i686-xen-elf-,' '--with-target-subdir=i686-xen-elf' '--build=i686-pc-linux-gnu' '--host=i686-xen-elf' '--target=i686-xen-elf' '--srcdir=../../../newlib-1.16.0/libgloss' 'build_alias=i686-pc-linux-gnu' 'host_alias=i686-xen-elf' 'target_alias=i686-xen-elf' --cache-file=.././config.cache --srcdir=../../../../newlib-1.16.0/libgloss/i386

## ---------------- ##
## Cache variables. ##
## ---------------- ##

ac_cv_build=i686-pc-linux-gnu
ac_cv_build_alias=i686-pc-linux-gnu
ac_cv_c_compiler_gnu=yes
ac_cv_env_CCASFLAGS_set=
ac_cv_env_CCASFLAGS_value=
ac_cv_env_CCAS_set=
ac_cv_env_CCAS_value=
ac_cv_env_build_alias_set=set
ac_cv_env_build_alias_value=i686-pc-linux-gnu
ac_cv_env_host_alias_set=set
ac_cv_env_host_alias_value=i686-xen-elf
ac_cv_env_target_alias_set=set
ac_cv_env_target_alias_value=i686-xen-elf
ac_cv_host=i686-xen-elf
ac_cv_host_alias=i686-xen-elf
ac_cv_prog_AR=ar
ac_cv_prog_AWK=gawk
ac_cv_prog_CC='gcc -isystem /usr/src/xen-3.3/stubdom/../extras/mini-os/include -D__MINIOS__ -DHAVE_LIBC -isystem /usr/src/xen-3.3/stubdom/../extras/mini-os/include/posix -isystem /usr/src/xen-3.3/stubdom/../tools/xenstore  -isystem /usr/src/xen-3.3/stubdom/../extras/mini-os/include/x86 -isystem /usr/src/xen-3.3/stubdom/../extras/mini-os/include/x86/x86_32 -U __linux__ -U __FreeBSD__ -U __sun__ -nostdinc -isystem /usr/src/xen-3.3/stubdom/../extras/mini-os/include/posix -isystem /usr/src/xen-3.3/stubdom/cross-root-i686/i686-xen-elf/include -isystem /usr/lib/gcc/i486-linux-gnu/4.4.3/include -isystem /usr/src/xen-3.3/stubdom/lwip/src/include -isystem /usr/src/xen-3.3/stubdom/lwip/src/include/ipv4 -I/usr/src/xen-3.3/stubdom/include  -O1 -fno-omit-frame-pointer -fno-optimize-sibling-calls  -m32 -march=i686 -m32 -march=i686 -g -fno-strict-aliasing -std=gnu99 -Wall -Wstrict-prototypes -Wno-unused-value -Wdeclaration-after-statement   -fno-stack-protector  -D_I386MACH_ALLOW_HW_INTERRUPTS -B/usr/src/xen-3.3/stubdom/newlib-x86_32/i686-xen-elf/newlib/ -isystem /usr/src/xen-3.3/stubdom/newlib-x86_32/i686-xen-elf/newlib/targ-include -isystem /usr/src/xen-3.3/stubdom/newlib-1.16.0/newlib/libc/include -B/usr/src/xen-3.3/stubdom/newlib-x86_32/i686-xen-elf/libgloss/i386 -L/usr/src/xen-3.3/stubdom/newlib-x86_32/i686-xen-elf/libgloss/libnosys -L/usr/src/xen-3.3/stubdom/newlib-1.16.0/libgloss/i386'
ac_cv_prog_RANLIB=ranlib
ac_cv_prog_STRIP=i686-xen-elf-strip
ac_cv_prog_cc_g=no
ac_cv_prog_make_make_set=yes
ac_cv_target=i686-xen-elf
ac_cv_target_alias=i686-xen-elf
am_cv_CC_dependencies_compiler_type=gcc3

## ----------------- ##
## Output variables. ##
## ----------------- ##

ACLOCAL='${SHELL} /usr/src/xen-3.3/stubdom/newlib-1.16.0/missing --run aclocal-1.9'
AMDEPBACKSLASH='\'
AMDEP_FALSE='#'
AMDEP_TRUE=''
AMTAR='${SHELL} /usr/src/xen-3.3/stubdom/newlib-1.16.0/missing --run tar'
AR='ar'
AS='i686-xen-elf-as'
AUTOCONF='${SHELL} /usr/src/xen-3.3/stubdom/newlib-1.16.0/missing --run autoconf'
AUTOHEADER='${SHELL} /usr/src/xen-3.3/stubdom/newlib-1.16.0/missing --run autoheader'
AUTOMAKE='${SHELL} /usr/src/xen-3.3/stubdom/newlib-1.16.0/missing --run automake-1.9'
AWK='gawk'
CC='gcc -isystem /usr/src/xen-3.3/stubdom/../extras/mini-os/include -D__MINIOS__ -DHAVE_LIBC -isystem /usr/src/xen-3.3/stubdom/../extras/mini-os/include/posix -isystem /usr/src/xen-3.3/stubdom/../tools/xenstore  -isystem /usr/src/xen-3.3/stubdom/../extras/mini-os/include/x86 -isystem /usr/src/xen-3.3/stubdom/../extras/mini-os/include/x86/x86_32 -U __linux__ -U __FreeBSD__ -U __sun__ -nostdinc -isystem /usr/src/xen-3.3/stubdom/../extras/mini-os/include/posix -isystem /usr/src/xen-3.3/stubdom/cross-root-i686/i686-xen-elf/include -isystem /usr/lib/gcc/i486-linux-gnu/4.4.3/include -isystem /usr/src/xen-3.3/stubdom/lwip/src/include -isystem /usr/src/xen-3.3/stubdom/lwip/src/include/ipv4 -I/usr/src/xen-3.3/stubdom/include  -O1 -fno-omit-frame-pointer -fno-optimize-sibling-calls  -m32 -march=i686 -m32 -march=i686 -g -fno-strict-aliasing -std=gnu99 -Wall -Wstrict-prototypes -Wno-unused-value -Wdeclaration-after-statement   -fno-stack-protector  -D_I386MACH_ALLOW_HW_INTERRUPTS -B/usr/src/xen-3.3/stubdom/newlib-x86_32/i686-xen-elf/newlib/ -isystem /usr/src/xen-3.3/stubdom/newlib-x86_32/i686-xen-elf/newlib/targ-include -isystem /usr/src/xen-3.3/stubdom/newlib-1.16.0/newlib/libc/include -B/usr/src/xen-3.3/stubdom/newlib-x86_32/i686-xen-elf/libgloss/i386 -L/usr/src/xen-3.3/stubdom/newlib-x86_32/i686-xen-elf/libgloss/libnosys -L/usr/src/xen-3.3/stubdom/newlib-1.16.0/libgloss/i386'
CCAS='gcc -isystem /usr/src/xen-3.3/stubdom/../extras/mini-os/include -D__MINIOS__ -DHAVE_LIBC -isystem /usr/src/xen-3.3/stubdom/../extras/mini-os/include/posix -isystem /usr/src/xen-3.3/stubdom/../tools/xenstore  -isystem /usr/src/xen-3.3/stubdom/../extras/mini-os/include/x86 -isystem /usr/src/xen-3.3/stubdom/../extras/mini-os/include/x86/x86_32 -U __linux__ -U __FreeBSD__ -U __sun__ -nostdinc -isystem /usr/src/xen-3.3/stubdom/../extras/mini-os/include/posix -isystem /usr/src/xen-3.3/stubdom/cross-root-i686/i686-xen-elf/include -isystem /usr/lib/gcc/i486-linux-gnu/4.4.3/include -isystem /usr/src/xen-3.3/stubdom/lwip/src/include -isystem /usr/src/xen-3.3/stubdom/lwip/src/include/ipv4 -I/usr/src/xen-3.3/stubdom/include  -O1 -fno-omit-frame-pointer -fno-optimize-sibling-calls  -m32 -march=i686 -m32 -march=i686 -g -fno-strict-aliasing -std=gnu99 -Wall -Wstrict-prototypes -Wno-unused-value -Wdeclaration-after-statement   -fno-stack-protector  -D_I386MACH_ALLOW_HW_INTERRUPTS -B/usr/src/xen-3.3/stubdom/newlib-x86_32/i686-xen-elf/newlib/ -isystem /usr/src/xen-3.3/stubdom/newlib-x86_32/i686-xen-elf/newlib/targ-include -isystem /usr/src/xen-3.3/stubdom/newlib-1.16.0/newlib/libc/include -B/usr/src/xen-3.3/stubdom/newlib-x86_32/i686-xen-elf/libgloss/i386 -L/usr/src/xen-3.3/stubdom/newlib-x86_32/i686-xen-elf/libgloss/libnosys -L/usr/src/xen-3.3/stubdom/newlib-1.16.0/libgloss/i386'
CCASFLAGS=''
CCDEPMODE='depmode=gcc3'
CYGPATH_W='echo'
DEFS='-DPACKAGE_NAME=\"libgloss\" -DPACKAGE_TARNAME=\"libgloss\" -DPACKAGE_VERSION=\"LIBGLOSS_VERSION\" -DPACKAGE_STRING=\"libgloss\ LIBGLOSS_VERSION\" -DPACKAGE_BUGREPORT=\"\" '
DEPDIR='.deps'
ECHO_C=''
ECHO_N='-n'
ECHO_T=''
INSTALL_DATA='/usr/bin/install -c -m 644'
INSTALL_PROGRAM='/usr/bin/install -c'
INSTALL_SCRIPT='/usr/bin/install -c'
INSTALL_STRIP_PROGRAM='${SHELL} $(install_sh) -c -s'
LD='ld'
LIBOBJS=''
LIBS=''
LTLIBOBJS=''
MAKEINFO='makeinfo --split-size=5000000'
PACKAGE='libgloss'
PACKAGE_BUGREPORT=''
PACKAGE_NAME='libgloss'
PACKAGE_STRING='libgloss LIBGLOSS_VERSION'
PACKAGE_TARNAME='libgloss'
PACKAGE_VERSION='LIBGLOSS_VERSION'
PATH_SEPARATOR=':'
RANLIB='ranlib'
SET_MAKE=''
SHELL='/bin/bash'
STRIP='i686-xen-elf-strip'
VERSION='LIBGLOSS_VERSION'
ac_ct_RANLIB=''
ac_ct_STRIP=''
am__fastdepCC_FALSE='#'
am__fastdepCC_TRUE=''
am__include='include'
am__leading_dot='.'
am__quote=''
am__tar='${AMTAR} chof - "$$tardir"'
am__untar='${AMTAR} xf -'
bindir='${exec_prefix}/bin'
build='i686-pc-linux-gnu'
build_alias='i686-pc-linux-gnu'
build_cpu='i686'
build_os='linux-gnu'
build_vendor='pc'
datadir='${prefix}/share'
exec_prefix='${prefix}'
host='i686-xen-elf'
host_alias='i686-xen-elf'
host_cpu='i686'
host_makefile_frag_path='../../../newlib-1.16.0/libgloss/config/default.mh'
host_os='elf'
host_vendor='xen'
includedir='${prefix}/include'
infodir='${prefix}/info'
install_sh='/usr/src/xen-3.3/stubdom/newlib-1.16.0/install-sh'
libdir='${exec_prefix}/lib'
libexecdir='${exec_prefix}/libexec'
localstatedir='${prefix}/var'
mandir='${prefix}/man'
mkdir_p='mkdir -p --'
oldincludedir='/usr/include'
prefix='/usr/src/xen-3.3/stubdom/cross-root-i686'
program_transform_name='s,^,i686-xen-elf-,'
sbindir='${exec_prefix}/sbin'
sharedstatedir='${prefix}/com'
subdirs=' doc libnosys i386'
sysconfdir='${prefix}/etc'
target='i686-xen-elf'
target_alias='i686-xen-elf'
target_cpu='i686'
target_os='elf'
target_vendor='xen'

## ------------- ##
## Output files. ##
## ------------- ##

host_makefile_frag='../../../newlib-1.16.0/libgloss/config/default.mh'

## ----------- ##
## confdefs.h. ##
## ----------- ##

#define PACKAGE_BUGREPORT ""
#define PACKAGE_NAME "libgloss"
#define PACKAGE_STRING "libgloss LIBGLOSS_VERSION"
#define PACKAGE_TARNAME "libgloss"
#define PACKAGE_VERSION "LIBGLOSS_VERSION"

configure: exit 0
